<?xml version="1.0" encoding="UTF-8"?>
<!-- Generated by org.testng.reporters.JUnitXMLReporter -->
<testsuite ignored="0" hostname="DESKTOP-NPMAIP3" failures="0" tests="3" name="Default test" time="0.065" errors="0" timestamp="2023-10-15T15:46:23 IST">
  <testcase classname="TestNg.dependentOnMethod" name="test" time="0.006"/>
  <testcase classname="TestNg.dependentOnMethod" name="Test1" time="0.003"/>
  <testcase classname="TestNg.dependentOnMethod" name="Test2" time="0.002"/>
</testsuite> <!-- Default test -->
