<?xml version="1.0" encoding="UTF-8"?>
<testng-results ignored="0" total="6" passed="6" failed="0" skipped="0">
  <reporter-output>
  </reporter-output>
  <suite started-at="2023-10-15T16:02:52 IST" name="Regression" finished-at="2023-10-15T16:02:52 IST" duration-ms="72">
    <groups>
      <group name="{sanity}">
        <method signature="Day3.Test4()[pri:0, instance:TestNg.Day3@3e08ff24]" name="Test4" class="TestNg.Day3"/>
      </group> <!-- {sanity} -->
      <group name="Regression">
        <method signature="Day.Test1()[pri:0, instance:TestNg.Day@6fa51cd4]" name="Test1" class="TestNg.Day"/>
        <method signature="Day2.Test3()[pri:0, instance:TestNg.Day2@2b40ff9c]" name="Test3" class="TestNg.Day2"/>
        <method signature="Day3.Test5()[pri:0, instance:TestNg.Day3@3e08ff24]" name="Test5" class="TestNg.Day3"/>
      </group> <!-- Regression -->
      <group name="{Sanity}">
        <method signature="Day2.Test2()[pri:0, instance:TestNg.Day2@2b40ff9c]" name="Test2" class="TestNg.Day2"/>
      </group> <!-- {Sanity} -->
    </groups>
    <test started-at="2023-10-15T16:02:52 IST" name="Test" finished-at="2023-10-15T16:02:52 IST" duration-ms="72">
      <class name="TestNg.Day2">
        <test-method signature="Test2()[pri:0, instance:TestNg.Day2@2b40ff9c]" started-at="2023-10-15T16:02:52 IST" name="Test2" finished-at="2023-10-15T16:02:52 IST" duration-ms="1" status="PASS">
          <reporter-output>
          </reporter-output>
        </test-method> <!-- Test2 -->
        <test-method signature="Test3()[pri:0, instance:TestNg.Day2@2b40ff9c]" started-at="2023-10-15T16:02:52 IST" name="Test3" finished-at="2023-10-15T16:02:52 IST" duration-ms="1" status="PASS">
          <reporter-output>
          </reporter-output>
        </test-method> <!-- Test3 -->
      </class> <!-- TestNg.Day2 -->
      <class name="TestNg.Day3">
        <test-method signature="Test4()[pri:0, instance:TestNg.Day3@3e08ff24]" started-at="2023-10-15T16:02:52 IST" name="Test4" finished-at="2023-10-15T16:02:52 IST" duration-ms="1" status="PASS">
          <reporter-output>
          </reporter-output>
        </test-method> <!-- Test4 -->
        <test-method signature="Test5()[pri:0, instance:TestNg.Day3@3e08ff24]" started-at="2023-10-15T16:02:52 IST" name="Test5" finished-at="2023-10-15T16:02:52 IST" duration-ms="1" status="PASS">
          <reporter-output>
          </reporter-output>
        </test-method> <!-- Test5 -->
      </class> <!-- TestNg.Day3 -->
      <class name="TestNg.Day">
        <test-method signature="Test()[pri:0, instance:TestNg.Day@6fa51cd4]" started-at="2023-10-15T16:02:52 IST" name="Test" finished-at="2023-10-15T16:02:52 IST" duration-ms="8" status="PASS">
          <reporter-output>
          </reporter-output>
        </test-method> <!-- Test -->
        <test-method signature="Test1()[pri:0, instance:TestNg.Day@6fa51cd4]" started-at="2023-10-15T16:02:52 IST" name="Test1" finished-at="2023-10-15T16:02:52 IST" duration-ms="1" status="PASS">
          <reporter-output>
          </reporter-output>
        </test-method> <!-- Test1 -->
      </class> <!-- TestNg.Day -->
    </test> <!-- Test -->
  </suite> <!-- Regression -->
</testng-results>
