<?xml version="1.0" encoding="UTF-8"?>
<!-- Generated by org.testng.reporters.JUnitXMLReporter -->
<testsuite ignored="0" hostname="DESKTOP-NPMAIP3" failures="0" tests="6" name="Test" time="0.072" errors="0" timestamp="2023-10-15T16:02:52 IST">
  <testcase classname="TestNg.Day" name="Test" time="0.008"/>
  <testcase classname="TestNg.Day" name="Test1" time="0.001"/>
  <testcase classname="TestNg.Day2" name="Test2" time="0.001"/>
  <testcase classname="TestNg.Day2" name="Test3" time="0.001"/>
  <testcase classname="TestNg.Day3" name="Test4" time="0.001"/>
  <testcase classname="TestNg.Day3" name="Test5" time="0.001"/>
</testsuite> <!-- Test -->
