<?xml version="1.0" encoding="UTF-8"?>
<!-- Generated by org.testng.reporters.JUnitXMLReporter -->
<testsuite ignored="0" hostname="DESKTOP-NPMAIP3" failures="1" tests="10" name="Test" time="32.99" errors="0" timestamp="2023-10-15T15:48:20 IST">
  <testcase classname="TestNg.dependentOnMethod" name="test" time="0.011"/>
  <testcase classname="TestNg.dependentOnMethod" name="Test1" time="0.001"/>
  <testcase classname="TestNg.dependentOnMethod" name="Test2" time="0.001"/>
  <testcase classname="TestNg.priority_positive" name="TC2" time="0.002"/>
  <testcase classname="TestNg.priority_positive" name="TC1" time="0.002"/>
  <testcase classname="TestNg.Timeout" name="Test" time="0.029">
    <failure type="org.testng.internal.thread.ThreadTimeoutException" message="Method TestNg.Timeout.Test() didn&amp;apos;t finish within the time-out 5">
      <![CDATA[org.testng.internal.thread.ThreadTimeoutException: Method TestNg.Timeout.Test() didn't finish within the time-out 5
at java.base@17.0.3/sun.nio.cs.SingleByte.withResult(SingleByte.java:47)
at java.base@17.0.3/sun.nio.cs.SingleByte$Encoder.encodeArrayLoop(SingleByte.java:243)
at java.base@17.0.3/sun.nio.cs.SingleByte$Encoder.encodeLoop(SingleByte.java:276)
at java.base@17.0.3/java.nio.charset.CharsetEncoder.encode(CharsetEncoder.java:585)
at java.base@17.0.3/sun.nio.cs.StreamEncoder.implWrite(StreamEncoder.java:293)
at java.base@17.0.3/sun.nio.cs.StreamEncoder.implWrite(StreamEncoder.java:282)
at java.base@17.0.3/sun.nio.cs.StreamEncoder.write(StreamEncoder.java:132)
at java.base@17.0.3/java.io.OutputStreamWriter.write(OutputStreamWriter.java:205)
at java.base@17.0.3/java.io.BufferedWriter.flushBuffer(BufferedWriter.java:120)
at java.base@17.0.3/java.io.PrintStream.writeln(PrintStream.java:722)
at java.base@17.0.3/java.io.PrintStream.println(PrintStream.java:1028)
at app//TestNg.Timeout.Test(Timeout.java:9)
at java.base@17.0.3/java.util.concurrent.FutureTask.run(FutureTask.java:264)
at java.base@17.0.3/java.util.concurrent.ThreadPoolExecutor.runWorker(ThreadPoolExecutor.java:1136)
at java.base@17.0.3/java.util.concurrent.ThreadPoolExecutor$Worker.run(ThreadPoolExecutor.java:635)
at java.base@17.0.3/java.lang.Thread.run(Thread.java:833)
... Removed 8 stack frames]]>
    </failure>
  </testcase> <!-- Test -->
  <testcase classname="TestNg.priority" name="S" time="1.544"/>
  <testcase classname="TestNg.priority" name="D" time="0.048"/>
  <testcase classname="TestNg.priority" name="C" time="0.05"/>
  <testcase classname="TestNg.priority" name="B" time="0.034"/>
</testsuite> <!-- Test -->
